#
# There is insufficient memory for the Java Runtime Environment to continue.
# Native memory allocation (malloc) failed to allocate 1048576 bytes for AllocateHeap
# Possible reasons:
#   The system is out of physical RAM or swap space
#   The process is running with CompressedOops enabled, and the Java Heap may be blocking the growth of the native heap
# Possible solutions:
#   Reduce memory load on the system
#   Increase physical memory or swap space
#   Check if swap backing store is full
#   Decrease Java heap size (-Xmx/-Xms)
#   Decrease number of Java threads
#   Decrease Java thread stack sizes (-Xss)
#   Set larger code cache with -XX:ReservedCodeCacheSize=
#   JVM is running with Unscaled Compressed Oops mode in which the Java heap is
#     placed in the first 4GB address space. The Java Heap base address is the
#     maximum limit for the native heap growth. Please use -XX:HeapBaseMinAddress
#     to set the Java Heap base and to place the Java Heap above 4GB virtual address.
# This output file may be truncated or incomplete.
#
#  Out of Memory Error (allocation.cpp:44), pid=9724, tid=412
#
# JRE version:  (20.0.1+9) (build )
# Java VM: Java HotSpot(TM) 64-Bit Server VM (20.0.1+9-29, mixed mode, sharing, tiered, compressed oops, compressed class ptrs, g1 gc, windows-amd64)
# No core dump will be written. Minidumps are not enabled by default on client versions of Windows
#

---------------  S U M M A R Y ------------

Command Line: -javaagent:C:\Program Files\JetBrains\IntelliJ IDEA 2023.1.1\lib\idea_rt.jar=51658:C:\Program Files\JetBrains\IntelliJ IDEA 2023.1.1\bin -Dfile.encoding=UTF-8 -Dsun.stdout.encoding=UTF-8 -Dsun.stderr.encoding=UTF-8 AnimalMain

Host: Intel(R) Core(TM) i5-8350U CPU @ 1.70GHz, 8 cores, 7G,  Windows 10 , 64 bit Build 19041 (10.0.19041.2913)
Time: Fri May 12 16:34:28 2023 Eastern Daylight Time elapsed time: 0.015978 seconds (0d 0h 0m 0s)

---------------  T H R E A D  ---------------

Current thread (0x000001db3410b630):  JavaThread "Unknown thread" [_thread_in_vm, id=412, stack(0x000000d37c800000,0x000000d37c900000)]

Stack: [0x000000d37c800000,0x000000d37c900000]
Native frames: (J=compiled Java code, j=interpreted, Vv=VM code, C=native code)
V  [jvm.dll+0x6bb95a]
V  [jvm.dll+0x8485fa]
V  [jvm.dll+0x84a1f5]
V  [jvm.dll+0x84a8f3]
V  [jvm.dll+0x280b0f]
V  [jvm.dll+0xbcec5]
V  [jvm.dll+0x333b65]
V  [jvm.dll+0x32c301]
V  [jvm.dll+0x8112bf]
V  [jvm.dll+0x3c0d91]
V  [jvm.dll+0x7fcfe3]
V  [jvm.dll+0x44c76f]
V  [jvm.dll+0x44e0e1]
C  [jli.dll+0x5287]
C  [ucrtbase.dll+0x21bb2]
C  [KERNEL32.DLL+0x17614]
C  [ntdll.dll+0x526a1]


---------------  P R O C E S S  ---------------

Threads class SMR info:
_java_thread_list=0x00007ffddcf1a098, length=0, elements={
}

Java Threads: ( => current thread )

Other Threads:
  0x000001db341695d0 WorkerThread "GC Thread#0" [stack: 0x000000d37c900000,0x000000d37ca00000] [id=12620]

[error occurred during error reporting (printing all threads), id 0xc0000005, EXCEPTION_ACCESS_VIOLATION (0xc0000005) at pc=0x00007ffddc6f8a00]
VM state: not at safepoint (not fully initialized)

VM Mutex/Monitor currently owned by a thread:  ([mutex/lock_event])
[0x000001db34105580] Heap_lock - owner thread: 0x000001db3410b630

Heap address: 0x0000000081e00000, size: 2018 MB, Compressed Oops mode: 32-bit

CDS archive(s) mapped at: [0x0000000000000000-0x0000000000000000-0x0000000000000000), size 0, SharedBaseAddress: 0x0000000800000000, ArchiveRelocationMode: 0.
Narrow klass base: 0x0000000000000000, Narrow klass shift: 0, Narrow klass range: 0x0

GC Precious Log:
 CardTable entry size: 512
 Card Set container configuration: InlinePtr #cards 5 size 8 Array Of Cards #cards 12 size 40 Howl #buckets 4 coarsen threshold 1843 Howl Bitmap #cards 512 size 80 coarsen threshold 460 Card regions per heap region 1 cards per card region 2048

Heap:
 garbage-first heap   total 0K, used 0K [0x0000000081e00000, 0x0000000100000000)
  region size 1024K, 0 young (0K), 0 survivors (0K)

[error occurred during error reporting (printing heap information), id 0xc0000005, EXCEPTION_ACCESS_VIOLATION (0xc0000005) at pc=0x00007ffddcad3c59]
GC Heap History (0 events):
No events

Dll operation events (1 events):
Event: 0.012 Loaded shared library C:\Program Files\Java\jdk-20\bin\java.dll

Deoptimization events (0 events):
No events

Classes loaded (0 events):
No events

Classes unloaded (0 events):
No events

Classes redefined (0 events):
No events

Internal exceptions (0 events):
No events

VM Operations (0 events):
No events

Events (0 events):
No events


Dynamic libraries:
0x00007ff7f5b40000 - 0x00007ff7f5b50000 	C:\Program Files\Java\jdk-20\bin\java.exe
0x00007ffe18830000 - 0x00007ffe18a28000 	C:\WINDOWS\SYSTEM32\ntdll.dll
0x00007ffe180c0000 - 0x00007ffe1817f000 	C:\WINDOWS\System32\KERNEL32.DLL
0x00007ffe16100000 - 0x00007ffe163f6000 	C:\WINDOWS\System32\KERNELBASE.dll
0x00007ffe15f10000 - 0x00007ffe16010000 	C:\WINDOWS\System32\ucrtbase.dll
0x00007ffdf6c70000 - 0x00007ffdf6c8b000 	C:\Program Files\Java\jdk-20\bin\VCRUNTIME140.dll
0x00007ffe101b0000 - 0x00007ffe101c9000 	C:\Program Files\Java\jdk-20\bin\jli.dll
0x00007ffe17b20000 - 0x00007ffe17bcf000 	C:\WINDOWS\System32\ADVAPI32.dll
0x00007ffe17be0000 - 0x00007ffe17c7e000 	C:\WINDOWS\System32\msvcrt.dll
0x00007ffe17a80000 - 0x00007ffe17b1c000 	C:\WINDOWS\System32\sechost.dll
0x00007ffe16970000 - 0x00007ffe16a96000 	C:\WINDOWS\System32\RPCRT4.dll
0x00007ffe16aa0000 - 0x00007ffe16c3d000 	C:\WINDOWS\System32\USER32.dll
0x00007ffdfd7c0000 - 0x00007ffdfda5a000 	C:\WINDOWS\WinSxS\amd64_microsoft.windows.common-controls_6595b64144ccf1df_6.0.19041.1110_none_60b5254171f9507e\COMCTL32.dll
0x00007ffe16430000 - 0x00007ffe16452000 	C:\WINDOWS\System32\win32u.dll
0x00007ffe16890000 - 0x00007ffe168bc000 	C:\WINDOWS\System32\GDI32.dll
0x00007ffe164d0000 - 0x00007ffe165e5000 	C:\WINDOWS\System32\gdi32full.dll
0x00007ffe16010000 - 0x00007ffe160ad000 	C:\WINDOWS\System32\msvcp_win.dll
0x00007ffe0c030000 - 0x00007ffe0c03a000 	C:\WINDOWS\SYSTEM32\VERSION.dll
0x00007ffe16940000 - 0x00007ffe16970000 	C:\WINDOWS\System32\IMM32.DLL
0x00007ffdf90d0000 - 0x00007ffdf90dc000 	C:\Program Files\Java\jdk-20\bin\vcruntime140_1.dll
0x00007ffddf5d0000 - 0x00007ffddf65e000 	C:\Program Files\Java\jdk-20\bin\msvcp140.dll
0x00007ffddc3c0000 - 0x00007ffddd057000 	C:\Program Files\Java\jdk-20\bin\server\jvm.dll
0x00007ffdfd540000 - 0x00007ffdfd567000 	C:\WINDOWS\SYSTEM32\WINMM.dll
0x00007ffe0d3a0000 - 0x00007ffe0d3a9000 	C:\WINDOWS\SYSTEM32\WSOCK32.dll
0x00007ffe16f60000 - 0x00007ffe16fcb000 	C:\WINDOWS\System32\WS2_32.dll
0x00007ffe14750000 - 0x00007ffe14762000 	C:\WINDOWS\SYSTEM32\kernel.appcore.dll
0x00007ffdf8170000 - 0x00007ffdf817a000 	C:\Program Files\Java\jdk-20\bin\jimage.dll
0x00007ffe13d60000 - 0x00007ffe13f44000 	C:\WINDOWS\SYSTEM32\DBGHELP.DLL
0x00007ffdfe350000 - 0x00007ffdfe384000 	C:\WINDOWS\SYSTEM32\dbgcore.DLL
0x00007ffe16750000 - 0x00007ffe167d2000 	C:\WINDOWS\System32\bcryptPrimitives.dll
0x00007ffdf7f10000 - 0x00007ffdf7f1e000 	C:\Program Files\Java\jdk-20\bin\instrument.dll
0x00007ffdf64d0000 - 0x00007ffdf64f6000 	C:\Program Files\Java\jdk-20\bin\java.dll

dbghelp: loaded successfully - version: 4.0.5 - missing functions: none
symbol engine: initialized successfully - sym options: 0x614 - pdb path: .;C:\Program Files\Java\jdk-20\bin;C:\WINDOWS\SYSTEM32;C:\WINDOWS\WinSxS\amd64_microsoft.windows.common-controls_6595b64144ccf1df_6.0.19041.1110_none_60b5254171f9507e;C:\Program Files\Java\jdk-20\bin\server

VM Arguments:
jvm_args: -javaagent:C:\Program Files\JetBrains\IntelliJ IDEA 2023.1.1\lib\idea_rt.jar=51658:C:\Program Files\JetBrains\IntelliJ IDEA 2023.1.1\bin -Dfile.encoding=UTF-8 -Dsun.stdout.encoding=UTF-8 -Dsun.stderr.encoding=UTF-8 
java_command: AnimalMain
java_class_path (initial): C:\Users\admin\Documents\WIN\CTAC_5\FullStack103\Day 50\Objects in Lists Practice\out\production\Objects in Lists Practice
Launcher Type: SUN_STANDARD

[Global flags]
     intx CICompilerCount                          = 4                                         {product} {ergonomic}
     uint ConcGCThreads                            = 2                                         {product} {ergonomic}
     uint G1ConcRefinementThreads                  = 8                                         {product} {ergonomic}
   size_t G1HeapRegionSize                         = 1048576                                   {product} {ergonomic}
    uintx GCDrainStackTargetSize                   = 64                                        {product} {ergonomic}
   size_t InitialHeapSize                          = 134217728                                 {product} {ergonomic}
   size_t MarkStackSize                            = 4194304                                   {product} {ergonomic}
   size_t MaxHeapSize                              = 2116026368                                {product} {ergonomic}
   size_t MinHeapDeltaBytes                        = 1048576                                   {product} {ergonomic}
   size_t MinHeapSize                              = 8388608                                   {product} {ergonomic}
    uintx NonNMethodCodeHeapSize                   = 5839372                                {pd product} {ergonomic}
    uintx NonProfiledCodeHeapSize                  = 122909434                              {pd product} {ergonomic}
    uintx ProfiledCodeHeapSize                     = 122909434                              {pd product} {ergonomic}
    uintx ReservedCodeCacheSize                    = 251658240                              {pd product} {ergonomic}
     bool SegmentedCodeCache                       = true                                      {product} {ergonomic}
   size_t SoftMaxHeapSize                          = 2116026368                             {manageable} {ergonomic}
     bool UseCompressedClassPointers               = true                           {product lp64_product} {ergonomic}
     bool UseCompressedOops                        = true                           {product lp64_product} {ergonomic}
     bool UseG1GC                                  = true                                      {product} {ergonomic}
     bool UseLargePagesIndividualAllocation        = false                                  {pd product} {ergonomic}

Logging:
Log output configuration:
 #0: stdout all=warning uptime,level,tags foldmultilines=false
 #1: stderr all=off uptime,level,tags foldmultilines=false

Environment Variables:
JAVA_HOME=C:\Program Files\Eclipse Adoptium\jdk-17.0.7.7-hotspot\
PATH=C:\Program Files\Eclipse Adoptium\jdk-17.0.7.7-hotspot\bin;C:\Program Files\Common Files\Oracle\Java\javapath;C:\Program Files (x86)\Common Files\Oracle\Java\javapath;C:\WINDOWS\system32;C:\WINDOWS;C:\WINDOWS\System32\Wbem;C:\WINDOWS\System32\WindowsPowerShell\v1.0\;C:\WINDOWS\System32\OpenSSH\;C:\Program Files\dotnet\;C:\Program Files (x86)\Intel\Intel(R) Management Engine Components\DAL;C:\Program Files\Intel\Intel(R) Management Engine Components\DAL;C:\Program Files\Git\cmd;C:\Program Files (x86)\nodejs\;C:\Users\admin\AppData\Local\Microsoft\WindowsApps;C:\Users\admin\AppData\Local\Programs\Microsoft VS Code\bin;C:\Users\admin\Downloads\apache-maven-3.9.1\bin;C:\Users\admin\AppData\Roaming\npm;
USERNAME=admin
OS=Windows_NT
PROCESSOR_IDENTIFIER=Intel64 Family 6 Model 142 Stepping 10, GenuineIntel
TMP=C:\Users\admin\AppData\Local\Temp
TEMP=C:\Users\admin\AppData\Local\Temp




---------------  S Y S T E M  ---------------

OS:
 Windows 10 , 64 bit Build 19041 (10.0.19041.2913)
OS uptime: 0 days 6:00 hours
Hyper-V role detected

CPU: total 8 (initial active 8) (4 cores per cpu, 2 threads per core) family 6 model 142 stepping 10 microcode 0xf0, cx8, cmov, fxsr, ht, mmx, 3dnowpref, sse, sse2, sse3, ssse3, sse4.1, sse4.2, popcnt, lzcnt, tsc, tscinvbit, avx, avx2, aes, erms, clmul, bmi1, bmi2, rtm, adx, fma, vzeroupper, clflush, clflushopt, hv, rdtscp, f16c

Memory: 4k page, system-wide physical 8067M (476M free)
TotalPageFile size 9067M (AvailPageFile size 5M)
current process WorkingSet (physical memory assigned to process): 10M, peak: 10M
current process commit charge ("private bytes"): 55M, peak: 56M

vm_info: Java HotSpot(TM) 64-Bit Server VM (20.0.1+9-29) for windows-amd64 JRE (20.0.1+9-29), built on 2023-03-07T13:56:11Z by "mach5one" with MS VC++ 17.1 (VS2022)

END.
